

(Sys) Time of generate page: 0.017000913619995 AT 2018.05.08 2:13:56
(SQL query count) 0 AT 2018.05.08 2:13:56

(Sys) Time of generate page: 0.010999917984009 AT 2018.05.08 2:43:17
(SQL query count) 0 AT 2018.05.08 2:43:17
(PHP ERR) include_once(): Failed opening './packages/test' for inclusion (include_path='.;g:/server/ospanel/modules/php/PHP-7.1-x64;g:/server/ospanel/modules/php/PHP-7.1-x64/PEAR/pear') G:\server\OSPanel\domains\fw01\fw\kernel\includeControll.php in line 58 AT 2018.05.08 2:43:17

(Sys) Time of generate page: 0.0090000629425049 AT 2018.05.08 2:44:10
(SQL query count) 0 AT 2018.05.08 2:44:10
(PHP ERR) scandir() expects parameter 1 to be a valid path, array given G:\server\OSPanel\domains\fw01\fw\kernel\includeControll.php in line 7 AT 2018.05.08 2:44:10

(Sys) Time of generate page: 0.021002054214478 AT 2018.05.08 2:44:12
(SQL query count) 0 AT 2018.05.08 2:44:12
(PHP ERR) Invalid argument supplied for foreach() G:\server\OSPanel\domains\fw01\fw\modules\com\view\route-list.php in line 15 AT 2018.05.08 2:44:12

(Sys) Time of generate page: 0.010000944137573 AT 2018.05.08 2:48:38
(SQL query count) 0 AT 2018.05.08 2:48:38
(PHP ERR) Invalid argument supplied for foreach() G:\server\OSPanel\domains\fw01\fw\modules\com\view\route-list.php in line 15 AT 2018.05.08 2:48:38

(Sys) Time of generate page: 0.0099999904632568 AT 2018.05.08 2:52:36
(SQL query count) 0 AT 2018.05.08 2:52:36
(PHP ERR) Invalid argument supplied for foreach() G:\server\OSPanel\domains\fw01\fw\modules\com\view\route-list.php in line 15 AT 2018.05.08 2:52:36

(Sys) Time of generate page: 0.012001037597656 AT 2018.05.08 3:04:41
(SQL query count) 0 AT 2018.05.08 3:04:41
(PHP ERR) Invalid argument supplied for foreach() G:\server\OSPanel\domains\fw01\fw\modules\com\view\route-list.php in line 15 AT 2018.05.08 3:04:41

(Sys) Time of generate page: 0.011000156402588 AT 2018.05.08 3:04:57
(SQL query count) 0 AT 2018.05.08 3:04:57
(PHP ERR) Invalid argument supplied for foreach() G:\server\OSPanel\domains\fw01\fw\modules\com\view\route-list.php in line 15 AT 2018.05.08 3:04:57

(Sys) Time of generate page: 0.018001079559326 AT 2018.05.08 3:09:32
(SQL query count) 0 AT 2018.05.08 3:09:32
(PHP ERR) Invalid argument supplied for foreach() G:\server\OSPanel\domains\fw01\fw\modules\com\view\route-list.php in line 15 AT 2018.05.08 3:09:32

(Sys) Time of generate page: 0.015001058578491 AT 2018.05.08 4:15:53
(SQL query count) 0 AT 2018.05.08 4:15:53

(Sys) Time of generate page: 0.010000944137573 AT 2018.05.08 4:18:46
(SQL query count) 0 AT 2018.05.08 4:18:46

(Sys) Time of generate page: 0.025002002716064 AT 2018.05.08 4:20:32
(SQL query count) 0 AT 2018.05.08 4:20:32
(PHP ERR) call_user_func() expects parameter 1 to be a valid callback, non-static method indexController::_404() should not be called statically G:\server\OSPanel\domains\fw01\fw\kernel\router.php in line 157 AT 2018.05.08 4:20:32

(Sys) Time of generate page: 0.010000944137573 AT 2018.05.08 4:20:38
(SQL query count) 0 AT 2018.05.08 4:20:38

(Sys) Time of generate page: 0.0099999904632568 AT 2018.05.08 4:30:17
(SQL query count) 0 AT 2018.05.08 4:30:17

(Sys) Time of generate page: 0.010000944137573 AT 2018.05.08 4:30:20
(SQL query count) 0 AT 2018.05.08 4:30:20

(Sys) Time of generate page: 0.011000871658325 AT 2018.05.08 4:31:05
(SQL query count) 0 AT 2018.05.08 4:31:05

(Sys) Time of generate page: 0.019001007080078 AT 2018.05.08 4:31:11
(SQL query count) 0 AT 2018.05.08 4:31:11
(PHP ERR) Invalid argument supplied for foreach() G:\server\OSPanel\domains\fw01\fw\modules\com\view\route-list.php in line 16 AT 2018.05.08 4:31:11

(Sys) Time of generate page: 0.010000944137573 AT 2018.05.08 4:31:13
(SQL query count) 0 AT 2018.05.08 4:31:13

(Sys) Time of generate page: 0.010000944137573 AT 2018.05.08 4:31:45
(SQL query count) 0 AT 2018.05.08 4:31:45

(Sys) Time of generate page: 0.011000156402588 AT 2018.05.08 4:31:48
(SQL query count) 0 AT 2018.05.08 4:31:48

(Sys) Time of generate page: 0.011000871658325 AT 2018.05.08 4:31:51
(SQL query count) 0 AT 2018.05.08 4:31:51
(PHP ERR) Invalid argument supplied for foreach() G:\server\OSPanel\domains\fw01\fw\modules\com\view\route-list.php in line 16 AT 2018.05.08 4:31:51

(Sys) Time of generate page: 0.010999917984009 AT 2018.05.08 4:31:52
(SQL query count) 0 AT 2018.05.08 4:31:52

(Sys) Time of generate page: 0.010000944137573 AT 2018.05.08 4:31:53
(SQL query count) 0 AT 2018.05.08 4:31:53

(Sys) Time of generate page: 0.0099999904632568 AT 2018.05.08 4:31:54
(SQL query count) 0 AT 2018.05.08 4:31:54

(Sys) Time of generate page: 0.012001037597656 AT 2018.05.08 4:32:17
(SQL query count) 0 AT 2018.05.08 4:32:17

(Sys) Time of generate page: 0.025001049041748 AT 2018.05.08 4:41:03
(SQL query count) 0 AT 2018.05.08 4:41:03
(PHP ERR) Undefined variable: item_name G:\server\OSPanel\domains\fw01\resources\view\menu.php in line 6 AT 2018.05.08 4:41:03

(Sys) Time of generate page: 0.015001058578491 AT 2018.05.08 4:43:41
(SQL query count) 0 AT 2018.05.08 4:43:41
(PHP ERR) call_user_func() expects parameter 1 to be a valid callback, non-static method test\IndexController::menu() should not be called statically G:\server\OSPanel\domains\fw01\fw\kernel\components.php in line 126 AT 2018.05.08 4:43:41

(Sys) Time of generate page: 0.015001058578491 AT 2018.05.08 4:49:03
(SQL query count) 0 AT 2018.05.08 4:49:03
(PHP ERR) call_user_func() expects parameter 1 to be a valid callback, non-static method test\IndexController::menu() should not be called statically G:\server\OSPanel\domains\fw01\fw\kernel\components.php in line 126 AT 2018.05.08 4:49:03

(Sys) Time of generate page: 0.024002075195312 AT 2018.05.08 12:23:32
(SQL query count) 0 AT 2018.05.08 12:23:32
(PHP ERR) call_user_func() expects parameter 1 to be a valid callback, non-static method test\IndexController::menu() should not be called statically G:\server\OSPanel\domains\fw01\fw\kernel\components.php in line 126 AT 2018.05.08 12:23:32

(Sys) Time of generate page: 0.010001182556152 AT 2018.05.08 12:23:40
(SQL query count) 0 AT 2018.05.08 12:23:40
(PHP ERR) call_user_func() expects parameter 1 to be a valid callback, non-static method test\IndexController::menu() should not be called statically G:\server\OSPanel\domains\fw01\fw\kernel\components.php in line 126 AT 2018.05.08 12:23:40

(Sys) Time of generate page: 0.0099999904632568 AT 2018.05.08 12:23:47
(SQL query count) 0 AT 2018.05.08 12:23:47
(PHP ERR) call_user_func() expects parameter 1 to be a valid callback, non-static method test\IndexController::menu() should not be called statically G:\server\OSPanel\domains\fw01\fw\kernel\components.php in line 126 AT 2018.05.08 12:23:47

(Sys) Time of generate page: 0.010001182556152 AT 2018.05.08 12:24:28
(SQL query count) 0 AT 2018.05.08 12:24:28
(PHP ERR) call_user_func() expects parameter 1 to be a valid callback, non-static method test\IndexController::menu() should not be called statically G:\server\OSPanel\domains\fw01\fw\kernel\components.php in line 126 AT 2018.05.08 12:24:28

(Sys) Time of generate page: 0.010000944137573 AT 2018.05.08 12:35:23
(SQL query count) 0 AT 2018.05.08 12:35:23
(PHP ERR) array_merge(): Argument #2 is not an array G:\server\OSPanel\domains\fw01\fw\kernel\view.php in line 33 AT 2018.05.08 12:35:23

(Sys) Time of generate page: 0.0090010166168213 AT 2018.05.08 12:36:16
(SQL query count) 0 AT 2018.05.08 12:36:16
(PHP ERR) Undefined variable: dirName G:\server\OSPanel\domains\fw01\fw\kernel\view.php in line 37 AT 2018.05.08 12:36:16

(Sys) Time of generate page: 0.0090010166168213 AT 2018.05.08 12:39:06
(SQL query count) 0 AT 2018.05.08 12:39:06
(PHP ERR) Undefined variable: dirName G:\server\OSPanel\domains\fw01\fw\kernel\view.php in line 40 AT 2018.05.08 12:39:06

(Sys) Time of generate page: 0.010001182556152 AT 2018.05.08 12:39:07
(SQL query count) 0 AT 2018.05.08 12:39:07
(PHP ERR) Undefined variable: dirName G:\server\OSPanel\domains\fw01\fw\kernel\view.php in line 40 AT 2018.05.08 12:39:07

(Sys) Time of generate page: 0.010000944137573 AT 2018.05.08 12:41:31
(SQL query count) 0 AT 2018.05.08 12:41:31
(PHP ERR) call_user_func() expects parameter 1 to be a valid callback, non-static method test\IndexController::menu() should not be called statically G:\server\OSPanel\domains\fw01\fw\kernel\components.php in line 126 AT 2018.05.08 12:41:31

(Sys) Time of generate page: 0.011001110076904 AT 2018.05.08 12:41:51
(SQL query count) 0 AT 2018.05.08 12:41:51
(PHP ERR) call_user_func() expects parameter 1 to be a valid callback, non-static method test\IndexController::menu() should not be called statically G:\server\OSPanel\domains\fw01\fw\kernel\components.php in line 126 AT 2018.05.08 12:41:51

(Sys) Time of generate page: 0.0090010166168213 AT 2018.05.08 12:42:04
(SQL query count) 0 AT 2018.05.08 12:42:04
(PHP ERR) call_user_func() expects parameter 1 to be a valid callback, non-static method test\IndexController::menu() should not be called statically G:\server\OSPanel\domains\fw01\fw\kernel\components.php in line 126 AT 2018.05.08 12:42:04

(Sys) Time of generate page: 0.010000944137573 AT 2018.05.08 12:43:59
(SQL query count) 0 AT 2018.05.08 12:43:59
(PHP ERR) call_user_func() expects parameter 1 to be a valid callback, non-static method test\IndexController::menu() should not be called statically G:\server\OSPanel\domains\fw01\fw\kernel\components.php in line 126 AT 2018.05.08 12:43:59

(Sys) Time of generate page: 0.0099999904632568 AT 2018.05.08 12:44:05
(SQL query count) 0 AT 2018.05.08 12:44:05
(PHP ERR) call_user_func() expects parameter 1 to be a valid callback, non-static method test\IndexController::menu() should not be called statically G:\server\OSPanel\domains\fw01\fw\kernel\components.php in line 126 AT 2018.05.08 12:44:05

(Sys) Time of generate page: 0.0090000629425049 AT 2018.05.08 12:44:06
(SQL query count) 0 AT 2018.05.08 12:44:06
(PHP ERR) call_user_func() expects parameter 1 to be a valid callback, non-static method test\IndexController::menu() should not be called statically G:\server\OSPanel\domains\fw01\fw\kernel\components.php in line 126 AT 2018.05.08 12:44:06

(Sys) Time of generate page: 0.0090000629425049 AT 2018.05.08 12:44:06
(SQL query count) 0 AT 2018.05.08 12:44:06
(PHP ERR) call_user_func() expects parameter 1 to be a valid callback, non-static method test\IndexController::menu() should not be called statically G:\server\OSPanel\domains\fw01\fw\kernel\components.php in line 126 AT 2018.05.08 12:44:06

(Sys) Time of generate page: 0.010000944137573 AT 2018.05.08 12:44:07
(SQL query count) 0 AT 2018.05.08 12:44:07
(PHP ERR) call_user_func() expects parameter 1 to be a valid callback, non-static method test\IndexController::menu() should not be called statically G:\server\OSPanel\domains\fw01\fw\kernel\components.php in line 126 AT 2018.05.08 12:44:07

(Sys) Time of generate page: 0.0090007781982422 AT 2018.05.08 12:44:07
(SQL query count) 0 AT 2018.05.08 12:44:07
(PHP ERR) call_user_func() expects parameter 1 to be a valid callback, non-static method test\IndexController::menu() should not be called statically G:\server\OSPanel\domains\fw01\fw\kernel\components.php in line 126 AT 2018.05.08 12:44:07

(Sys) Time of generate page: 0.0090010166168213 AT 2018.05.08 12:44:07
(SQL query count) 0 AT 2018.05.08 12:44:07
(PHP ERR) call_user_func() expects parameter 1 to be a valid callback, non-static method test\IndexController::menu() should not be called statically G:\server\OSPanel\domains\fw01\fw\kernel\components.php in line 126 AT 2018.05.08 12:44:07

(Sys) Time of generate page: 0.0090010166168213 AT 2018.05.08 12:44:07
(SQL query count) 0 AT 2018.05.08 12:44:07
(PHP ERR) call_user_func() expects parameter 1 to be a valid callback, non-static method test\IndexController::menu() should not be called statically G:\server\OSPanel\domains\fw01\fw\kernel\components.php in line 126 AT 2018.05.08 12:44:07