

(Sys) Time of generate page: 0.019001007080078 AT 2018.04.28 15:51:51
(SQL query count) 0 AT 2018.04.28 15:51:51
(PHP ERR) Non-static method LogoController::index() should not be called statically G:\server\OSPanel\domains\fwfun\fw\kernel\components.php in line 124 AT 2018.04.28 15:51:51
(Log clear) fw/log/2018.01.05_4.log AT 2018.04.28 15:51:51
(Log clear) fw/log/2018.01.08_7.log AT 2018.04.28 15:51:51

(Sys) Time of generate page: 0.01200008392334 AT 2018.04.28 15:52:34
(SQL query count) 0 AT 2018.04.28 15:52:34

(Sys) Time of generate page: 0.018000841140747 AT 2018.04.28 15:52:36
(SQL query count) 0 AT 2018.04.28 15:52:36

(Sys) Time of generate page: 0.011000156402588 AT 2018.04.28 15:52:42
(SQL query count) 0 AT 2018.04.28 15:52:42

(Sys) Time of generate page: 0.011001110076904 AT 2018.04.28 15:53:30
(SQL query count) 0 AT 2018.04.28 15:53:30

(Migration) Set User AT 2018.04.28 15:53:41
(Sys) Time of generate page: 0.20901203155518 AT 2018.04.28 15:53:41
(SQL query count) 1 AT 2018.04.28 15:53:41
(PHP ERR) Undefined index:  G:\server\OSPanel\domains\fwfun\fw\kernel\dbio.php in line 241 AT 2018.04.28 15:53:41

(Migration) Set Test AT 2018.04.28 15:54:14
(Sys) Time of generate page: 0.12900805473328 AT 2018.04.28 15:54:14
(SQL query count) 1 AT 2018.04.28 15:54:14
(PHP ERR) Undefined index:  G:\server\OSPanel\domains\fwfun\fw\kernel\dbio.php in line 241 AT 2018.04.28 15:54:14

(Migration) Set Articles AT 2018.04.28 15:54:22
(Sys) Time of generate page: 0.18301105499268 AT 2018.04.28 15:54:22
(SQL query count) 1 AT 2018.04.28 15:54:22
(PHP ERR) Undefined index:  G:\server\OSPanel\domains\fwfun\fw\kernel\dbio.php in line 241 AT 2018.04.28 15:54:22

(Sys) Time of generate page: 0.013000965118408 AT 2018.04.28 15:54:33
(SQL query count) 0 AT 2018.04.28 15:54:33
(PHP ERR) Non-static method LogoController::index() should not be called statically G:\server\OSPanel\domains\fwfun\fw\kernel\components.php in line 124 AT 2018.04.28 15:54:33

(Sys) Time of generate page: 0.031002044677734 AT 2018.04.28 15:54:44
(SQL query count) 1 AT 2018.04.28 15:54:44
(PHP ERR) Non-static method LogoController::index() should not be called statically G:\server\OSPanel\domains\fwfun\fw\kernel\components.php in line 124 AT 2018.04.28 15:54:44

(Sys) Time of generate page: 0.01400089263916 AT 2018.04.28 15:54:44
(SQL query count) 1 AT 2018.04.28 15:54:44
(PHP ERR) Non-static method LogoController::index() should not be called statically G:\server\OSPanel\domains\fwfun\fw\kernel\components.php in line 124 AT 2018.04.28 15:54:44