

(Sys) Time of generate page: 0.12300682067871 AT 2018.10.02 14:39:17
(SQL query count) 0 AT 2018.10.02 14:39:17

(Sys) Time of generate page: 0.015001058578491 AT 2018.10.02 14:39:17
(SQL query count) 0 AT 2018.10.02 14:39:17

(Sys) Time of generate page: 0.016000986099243 AT 2018.10.02 14:39:29
(SQL query count) 0 AT 2018.10.02 14:39:29

(Sys) Time of generate page: 0.017000913619995 AT 2018.10.02 14:43:22
(SQL query count) 0 AT 2018.10.02 14:43:22

(Sys) Time of generate page: 0.020001173019409 AT 2018.10.02 14:43:46
(SQL query count) 0 AT 2018.10.02 14:43:46

(Sys) Time of generate page: 0.0099999904632568 AT 2018.10.02 14:44:01
(SQL query count) 0 AT 2018.10.02 14:44:01

(Sys) Time of generate page: 0.012001037597656 AT 2018.10.02 14:44:58
(SQL query count) 0 AT 2018.10.02 14:44:58

(Sys) Time of generate page: 0.030001163482666 AT 2018.10.02 15:01:40
(SQL query count) 0 AT 2018.10.02 15:01:40

(Sys) Time of generate page: 0.056004047393799 AT 2018.10.02 15:01:41
(SQL query count) 0 AT 2018.10.02 15:01:41

(Sys) Time of generate page: 0.011000871658325 AT 2018.10.02 15:01:43
(SQL query count) 0 AT 2018.10.02 15:01:43

(Sys) Time of generate page: 0.021001100540161 AT 2018.10.02 15:01:43
(SQL query count) 0 AT 2018.10.02 15:01:43

(Sys) Time of generate page: 0.025001049041748 AT 2018.10.02 15:42:00
(SQL query count) 0 AT 2018.10.02 15:42:00
(PHP ERR) call_user_func() expects parameter 1 to be a valid callback, non-static method IndexController::_404() should not be called statically G:\server\OSPanel\domains\fw01\fw\kernel\Router.php in line 102 AT 2018.10.02 15:42:00

(Sys) Time of generate page: 0.021001815795898 AT 2018.10.02 15:42:31
(SQL query count) 0 AT 2018.10.02 15:42:31
(PHP ERR) call_user_func() expects parameter 1 to be a valid callback, non-static method IndexController::_404() should not be called statically G:\server\OSPanel\domains\fw01\fw\kernel\Router.php in line 102 AT 2018.10.02 15:42:31

(Sys) Time of generate page: 0.012001037597656 AT 2018.10.02 15:42:37
(SQL query count) 0 AT 2018.10.02 15:42:37
(PHP ERR) call_user_func() expects parameter 1 to be a valid callback, non-static method IndexController::_404() should not be called statically G:\server\OSPanel\domains\fw01\fw\kernel\Router.php in line 102 AT 2018.10.02 15:42:37

(Sys) Time of generate page: 0.011001110076904 AT 2018.10.02 15:42:49
(SQL query count) 0 AT 2018.10.02 15:42:49
(PHP ERR) call_user_func() expects parameter 1 to be a valid callback, non-static method IndexController::_404() should not be called statically G:\server\OSPanel\domains\fw01\fw\kernel\Router.php in line 102 AT 2018.10.02 15:42:49

(Sys) Time of generate page: 0.012001037597656 AT 2018.10.02 15:42:50
(SQL query count) 0 AT 2018.10.02 15:42:50

(Sys) Time of generate page: 0.011001110076904 AT 2018.10.02 15:42:51
(SQL query count) 0 AT 2018.10.02 15:42:51

(Sys) Time of generate page: 0.011001110076904 AT 2018.10.02 15:42:52
(SQL query count) 0 AT 2018.10.02 15:42:52

(Sys) Time of generate page: 0.031001806259155 AT 2018.10.02 15:42:53
(SQL query count) 0 AT 2018.10.02 15:42:53

(Sys) Time of generate page: 0.053003072738647 AT 2018.10.02 16:06:39
(SQL query count) 0 AT 2018.10.02 16:06:39
(PHP ERR) Non-static method Kernel\IncludeControll::load_one_controller() should not be called statically G:\server\OSPanel\domains\fw01\fw\kernel\Router.php in line 316 AT 2018.10.02 16:06:39

(Sys) Time of generate page: 0.053003072738647 AT 2018.10.02 16:08:17
(SQL query count) 0 AT 2018.10.02 16:08:17
(PHP ERR) Non-static method Kernel\IncludeControll::load_one_controller() should not be called statically G:\server\OSPanel\domains\fw01\fw\kernel\Router.php in line 317 AT 2018.10.02 16:08:17

(Sys) Time of generate page: 0.012000799179077 AT 2018.10.02 16:08:50
(SQL query count) 0 AT 2018.10.02 16:08:50
(PHP ERR) Non-static method Kernel\IncludeControll::load_one_controller() should not be called statically G:\server\OSPanel\domains\fw01\fw\kernel\Router.php in line 317 AT 2018.10.02 16:08:50

(Sys) Time of generate page: 0.010999917984009 AT 2018.10.02 16:10:26
(SQL query count) 0 AT 2018.10.02 16:10:26
(PHP ERR) Non-static method Kernel\IncludeControll::load_one_controller() should not be called statically G:\server\OSPanel\domains\fw01\fw\kernel\Router.php in line 317 AT 2018.10.02 16:10:26

(Sys) Time of generate page: 0.01200008392334 AT 2018.10.02 16:11:13
(SQL query count) 0 AT 2018.10.02 16:11:13
(PHP ERR) call_user_func() expects parameter 1 to be a valid callback, non-static method IndexController::_404() should not be called statically G:\server\OSPanel\domains\fw01\fw\kernel\Router.php in line 102 AT 2018.10.02 16:11:13

(Sys) Time of generate page: 0.010000944137573 AT 2018.10.02 16:11:16
(SQL query count) 0 AT 2018.10.02 16:11:16
(PHP ERR) call_user_func() expects parameter 1 to be a valid callback, non-static method IndexController::_404() should not be called statically G:\server\OSPanel\domains\fw01\fw\kernel\Router.php in line 102 AT 2018.10.02 16:11:16

(Sys) Time of generate page: 0.010000944137573 AT 2018.10.02 16:11:16
(SQL query count) 0 AT 2018.10.02 16:11:16
(PHP ERR) call_user_func() expects parameter 1 to be a valid callback, non-static method IndexController::_404() should not be called statically G:\server\OSPanel\domains\fw01\fw\kernel\Router.php in line 102 AT 2018.10.02 16:11:16

(Sys) Time of generate page: 0.012001037597656 AT 2018.10.02 16:11:16
(SQL query count) 0 AT 2018.10.02 16:11:16
(PHP ERR) call_user_func() expects parameter 1 to be a valid callback, non-static method IndexController::_404() should not be called statically G:\server\OSPanel\domains\fw01\fw\kernel\Router.php in line 102 AT 2018.10.02 16:11:16

(Sys) Time of generate page: 0.0099999904632568 AT 2018.10.02 16:11:17
(SQL query count) 0 AT 2018.10.02 16:11:17
(PHP ERR) call_user_func() expects parameter 1 to be a valid callback, non-static method IndexController::_404() should not be called statically G:\server\OSPanel\domains\fw01\fw\kernel\Router.php in line 102 AT 2018.10.02 16:11:17

(Sys) Time of generate page: 0.011000871658325 AT 2018.10.02 16:11:17
(SQL query count) 0 AT 2018.10.02 16:11:17
(PHP ERR) call_user_func() expects parameter 1 to be a valid callback, non-static method IndexController::_404() should not be called statically G:\server\OSPanel\domains\fw01\fw\kernel\Router.php in line 102 AT 2018.10.02 16:11:17

(Sys) Time of generate page: 0.011000871658325 AT 2018.10.02 16:11:49
(SQL query count) 0 AT 2018.10.02 16:11:49
(PHP ERR) Non-static method Kernel\IncludeControll::load_one_controller() should not be called statically G:\server\OSPanel\domains\fw01\fw\kernel\Router.php in line 317 AT 2018.10.02 16:11:49

(Sys) Time of generate page: 0.014999866485596 AT 2018.10.02 16:24:25
(SQL query count) 0 AT 2018.10.02 16:24:25
(PHP ERR) Non-static method Kernel\IncludeControll::load_one_controller() should not be called statically G:\server\OSPanel\domains\fw01\fw\kernel\Router.php in line 319 AT 2018.10.02 16:24:25

(Sys) Time of generate page: 0.014000177383423 AT 2018.10.02 16:24:57
(SQL query count) 0 AT 2018.10.02 16:24:57
(PHP ERR) Non-static method Kernel\IncludeControll::load_one_controller() should not be called statically G:\server\OSPanel\domains\fw01\fw\kernel\Router.php in line 319 AT 2018.10.02 16:24:57

(Sys) Time of generate page: 0.016000986099243 AT 2018.10.02 16:26:56
(SQL query count) 0 AT 2018.10.02 16:26:56
(PHP ERR) Non-static method Kernel\IncludeControll::load_one_controller() should not be called statically G:\server\OSPanel\domains\fw01\fw\kernel\Router.php in line 285 AT 2018.10.02 16:26:56

(Sys) Time of generate page: 0.028001070022583 AT 2018.10.02 16:27:03
(SQL query count) 0 AT 2018.10.02 16:27:03
(PHP ERR) Non-static method Kernel\IncludeControll::load_one_controller() should not be called statically G:\server\OSPanel\domains\fw01\fw\kernel\Router.php in line 285 AT 2018.10.02 16:27:03

(Sys) Time of generate page: 0.011000871658325 AT 2018.10.02 16:27:27
(SQL query count) 0 AT 2018.10.02 16:27:27
(PHP ERR) Non-static method Kernel\IncludeControll::load_one_controller() should not be called statically G:\server\OSPanel\domains\fw01\fw\kernel\Router.php in line 285 AT 2018.10.02 16:27:27

(Sys) Time of generate page: 0.019001007080078 AT 2018.10.02 16:41:01
(SQL query count) 0 AT 2018.10.02 16:41:01
(PHP ERR) Non-static method Kernel\IncludeControll::load_one_controller() should not be called statically G:\server\OSPanel\domains\fw01\fw\kernel\Router.php in line 285 AT 2018.10.02 16:41:01

(Sys) Time of generate page: 0.018001079559326 AT 2018.10.02 16:42:19
(SQL query count) 0 AT 2018.10.02 16:42:19
(PHP ERR) Non-static method Kernel\IncludeControll::load_one_controller() should not be called statically G:\server\OSPanel\domains\fw01\fw\kernel\Router.php in line 285 AT 2018.10.02 16:42:19

(Sys) Time of generate page: 0.01200008392334 AT 2018.10.02 16:42:22
(SQL query count) 0 AT 2018.10.02 16:42:22
(PHP ERR) Non-static method Kernel\IncludeControll::load_one_controller() should not be called statically G:\server\OSPanel\domains\fw01\fw\kernel\Router.php in line 285 AT 2018.10.02 16:42:22

(Sys) Time of generate page: 0.010999917984009 AT 2018.10.02 16:42:22
(SQL query count) 0 AT 2018.10.02 16:42:22
(PHP ERR) Non-static method Kernel\IncludeControll::load_one_controller() should not be called statically G:\server\OSPanel\domains\fw01\fw\kernel\Router.php in line 285 AT 2018.10.02 16:42:22

(Sys) Time of generate page: 0.021001100540161 AT 2018.10.02 16:42:23
(SQL query count) 0 AT 2018.10.02 16:42:23
(PHP ERR) Non-static method Kernel\IncludeControll::load_one_controller() should not be called statically G:\server\OSPanel\domains\fw01\fw\kernel\Router.php in line 285 AT 2018.10.02 16:42:23

(Sys) Time of generate page: 0.021001100540161 AT 2018.10.02 16:42:23
(SQL query count) 0 AT 2018.10.02 16:42:23
(PHP ERR) Non-static method Kernel\IncludeControll::load_one_controller() should not be called statically G:\server\OSPanel\domains\fw01\fw\kernel\Router.php in line 285 AT 2018.10.02 16:42:23

(Sys) Time of generate page: 0.021001100540161 AT 2018.10.02 16:42:23
(SQL query count) 0 AT 2018.10.02 16:42:23
(PHP ERR) Non-static method Kernel\IncludeControll::load_one_controller() should not be called statically G:\server\OSPanel\domains\fw01\fw\kernel\Router.php in line 285 AT 2018.10.02 16:42:23

(Sys) Time of generate page: 0.02000093460083 AT 2018.10.02 16:42:23
(SQL query count) 0 AT 2018.10.02 16:42:23
(PHP ERR) Non-static method Kernel\IncludeControll::load_one_controller() should not be called statically G:\server\OSPanel\domains\fw01\fw\kernel\Router.php in line 285 AT 2018.10.02 16:42:23

(Sys) Time of generate page: 0.011001110076904 AT 2018.10.02 16:42:52
(SQL query count) 0 AT 2018.10.02 16:42:52
(PHP ERR) Non-static method Kernel\IncludeControll::load_one_controller() should not be called statically G:\server\OSPanel\domains\fw01\fw\kernel\Router.php in line 320 AT 2018.10.02 16:42:52

(Sys) Time of generate page: 0.012001037597656 AT 2018.10.02 16:43:16
(SQL query count) 0 AT 2018.10.02 16:43:16
(PHP ERR) Non-static method Kernel\IncludeControll::load_one_controller() should not be called statically G:\server\OSPanel\domains\fw01\fw\kernel\Router.php in line 320 AT 2018.10.02 16:43:16

(Sys) Time of generate page: 0.012000799179077 AT 2018.10.02 16:43:46
(SQL query count) 0 AT 2018.10.02 16:43:46
(PHP ERR) Non-static method Kernel\IncludeControll::load_one_controller() should not be called statically G:\server\OSPanel\domains\fw01\fw\kernel\Router.php in line 320 AT 2018.10.02 16:43:46

(Sys) Time of generate page: 0.012001037597656 AT 2018.10.02 16:43:47
(SQL query count) 0 AT 2018.10.02 16:43:47
(PHP ERR) Non-static method Kernel\IncludeControll::load_one_controller() should not be called statically G:\server\OSPanel\domains\fw01\fw\kernel\Router.php in line 320 AT 2018.10.02 16:43:47

(Sys) Time of generate page: 0.011000871658325 AT 2018.10.02 16:43:47
(SQL query count) 0 AT 2018.10.02 16:43:47
(PHP ERR) Non-static method Kernel\IncludeControll::load_one_controller() should not be called statically G:\server\OSPanel\domains\fw01\fw\kernel\Router.php in line 320 AT 2018.10.02 16:43:47

(Sys) Time of generate page: 0.01200008392334 AT 2018.10.02 16:43:47
(SQL query count) 0 AT 2018.10.02 16:43:47
(PHP ERR) Non-static method Kernel\IncludeControll::load_one_controller() should not be called statically G:\server\OSPanel\domains\fw01\fw\kernel\Router.php in line 320 AT 2018.10.02 16:43:47

(Sys) Time of generate page: 0.011999845504761 AT 2018.10.02 16:43:48
(SQL query count) 0 AT 2018.10.02 16:43:48
(PHP ERR) Non-static method Kernel\IncludeControll::load_one_controller() should not be called statically G:\server\OSPanel\domains\fw01\fw\kernel\Router.php in line 320 AT 2018.10.02 16:43:48

(Sys) Time of generate page: 0.01200008392334 AT 2018.10.02 16:43:48
(SQL query count) 0 AT 2018.10.02 16:43:48
(PHP ERR) Non-static method Kernel\IncludeControll::load_one_controller() should not be called statically G:\server\OSPanel\domains\fw01\fw\kernel\Router.php in line 320 AT 2018.10.02 16:43:48

(Sys) Time of generate page: 0.011001110076904 AT 2018.10.02 16:43:48
(SQL query count) 0 AT 2018.10.02 16:43:48
(PHP ERR) Non-static method Kernel\IncludeControll::load_one_controller() should not be called statically G:\server\OSPanel\domains\fw01\fw\kernel\Router.php in line 320 AT 2018.10.02 16:43:48

(Sys) Time of generate page: 0.011001110076904 AT 2018.10.02 16:43:48
(SQL query count) 0 AT 2018.10.02 16:43:48
(PHP ERR) Non-static method Kernel\IncludeControll::load_one_controller() should not be called statically G:\server\OSPanel\domains\fw01\fw\kernel\Router.php in line 320 AT 2018.10.02 16:43:48

(Sys) Time of generate page: 0.011000156402588 AT 2018.10.02 16:43:48
(SQL query count) 0 AT 2018.10.02 16:43:48
(PHP ERR) Non-static method Kernel\IncludeControll::load_one_controller() should not be called statically G:\server\OSPanel\domains\fw01\fw\kernel\Router.php in line 320 AT 2018.10.02 16:43:48

(Sys) Time of generate page: 0.011000871658325 AT 2018.10.02 16:43:49
(SQL query count) 0 AT 2018.10.02 16:43:49
(PHP ERR) Non-static method Kernel\IncludeControll::load_one_controller() should not be called statically G:\server\OSPanel\domains\fw01\fw\kernel\Router.php in line 320 AT 2018.10.02 16:43:49

(Sys) Time of generate page: 0.011001110076904 AT 2018.10.02 16:43:49
(SQL query count) 0 AT 2018.10.02 16:43:49
(PHP ERR) Non-static method Kernel\IncludeControll::load_one_controller() should not be called statically G:\server\OSPanel\domains\fw01\fw\kernel\Router.php in line 320 AT 2018.10.02 16:43:49

(Sys) Time of generate page: 0.01400089263916 AT 2018.10.02 16:43:54
(SQL query count) 0 AT 2018.10.02 16:43:54
(PHP ERR) Non-static method Kernel\IncludeControll::load_one_controller() should not be called statically G:\server\OSPanel\domains\fw01\fw\kernel\Router.php in line 320 AT 2018.10.02 16:43:54

(Sys) Time of generate page: 0.01200008392334 AT 2018.10.02 16:44:08
(SQL query count) 0 AT 2018.10.02 16:44:08
(PHP ERR) Non-static method Kernel\IncludeControll::load_one_controller() should not be called statically G:\server\OSPanel\domains\fw01\fw\kernel\Router.php in line 320 AT 2018.10.02 16:44:08

(Sys) Time of generate page: 0.01200008392334 AT 2018.10.02 16:45:38
(SQL query count) 0 AT 2018.10.02 16:45:38
(PHP ERR) Non-static method Kernel\IncludeControll::load_one_controller() should not be called statically G:\server\OSPanel\domains\fw01\fw\kernel\Router.php in line 320 AT 2018.10.02 16:45:38

(Sys) Time of generate page: 0.012001037597656 AT 2018.10.02 16:47:50
(SQL query count) 0 AT 2018.10.02 16:47:50
(PHP ERR) Non-static method Kernel\IncludeControll::load_one_controller() should not be called statically G:\server\OSPanel\domains\fw01\fw\kernel\Router.php in line 285 AT 2018.10.02 16:47:50

(Sys) Time of generate page: 0.011999845504761 AT 2018.10.02 16:48:08
(SQL query count) 0 AT 2018.10.02 16:48:08
(PHP ERR) Non-static method Kernel\IncludeControll::load_one_controller() should not be called statically G:\server\OSPanel\domains\fw01\fw\kernel\Router.php in line 320 AT 2018.10.02 16:48:08

(Sys) Time of generate page: 0.012001037597656 AT 2018.10.02 16:49:39
(SQL query count) 0 AT 2018.10.02 16:49:39
(PHP ERR) Non-static method Kernel\IncludeControll::load_one_controller() should not be called statically G:\server\OSPanel\domains\fw01\fw\kernel\Router.php in line 320 AT 2018.10.02 16:49:39

(Sys) Time of generate page: 0.011001110076904 AT 2018.10.02 16:49:40
(SQL query count) 0 AT 2018.10.02 16:49:40
(PHP ERR) Non-static method Kernel\IncludeControll::load_one_controller() should not be called statically G:\server\OSPanel\domains\fw01\fw\kernel\Router.php in line 320 AT 2018.10.02 16:49:40

(Sys) Time of generate page: 0.012001037597656 AT 2018.10.02 16:49:40
(SQL query count) 0 AT 2018.10.02 16:49:40
(PHP ERR) Non-static method Kernel\IncludeControll::load_one_controller() should not be called statically G:\server\OSPanel\domains\fw01\fw\kernel\Router.php in line 320 AT 2018.10.02 16:49:40

(Sys) Time of generate page: 0.01200008392334 AT 2018.10.02 16:49:41
(SQL query count) 0 AT 2018.10.02 16:49:41
(PHP ERR) Non-static method Kernel\IncludeControll::load_one_controller() should not be called statically G:\server\OSPanel\domains\fw01\fw\kernel\Router.php in line 320 AT 2018.10.02 16:49:41

(Sys) Time of generate page: 0.012001037597656 AT 2018.10.02 16:49:41
(SQL query count) 0 AT 2018.10.02 16:49:41
(PHP ERR) Non-static method Kernel\IncludeControll::load_one_controller() should not be called statically G:\server\OSPanel\domains\fw01\fw\kernel\Router.php in line 320 AT 2018.10.02 16:49:41

(Sys) Time of generate page: 0.012001037597656 AT 2018.10.02 16:49:41
(SQL query count) 0 AT 2018.10.02 16:49:41
(PHP ERR) Non-static method Kernel\IncludeControll::load_one_controller() should not be called statically G:\server\OSPanel\domains\fw01\fw\kernel\Router.php in line 320 AT 2018.10.02 16:49:41

(Sys) Time of generate page: 0.012001037597656 AT 2018.10.02 16:49:41
(SQL query count) 0 AT 2018.10.02 16:49:41
(PHP ERR) Non-static method Kernel\IncludeControll::load_one_controller() should not be called statically G:\server\OSPanel\domains\fw01\fw\kernel\Router.php in line 320 AT 2018.10.02 16:49:41

(Sys) Time of generate page: 0.011999845504761 AT 2018.10.02 16:49:41
(SQL query count) 0 AT 2018.10.02 16:49:41
(PHP ERR) Non-static method Kernel\IncludeControll::load_one_controller() should not be called statically G:\server\OSPanel\domains\fw01\fw\kernel\Router.php in line 320 AT 2018.10.02 16:49:41

(Sys) Time of generate page: 0.010999917984009 AT 2018.10.02 16:49:41
(SQL query count) 0 AT 2018.10.02 16:49:41
(PHP ERR) Non-static method Kernel\IncludeControll::load_one_controller() should not be called statically G:\server\OSPanel\domains\fw01\fw\kernel\Router.php in line 320 AT 2018.10.02 16:49:41

(Sys) Time of generate page: 0.012001037597656 AT 2018.10.02 16:49:52
(SQL query count) 0 AT 2018.10.02 16:49:52
(PHP ERR) Non-static method Kernel\IncludeControll::load_one_controller() should not be called statically G:\server\OSPanel\domains\fw01\fw\kernel\Router.php in line 320 AT 2018.10.02 16:49:52

(Sys) Time of generate page: 0.011000871658325 AT 2018.10.02 16:49:53
(SQL query count) 0 AT 2018.10.02 16:49:53
(PHP ERR) Non-static method Kernel\IncludeControll::load_one_controller() should not be called statically G:\server\OSPanel\domains\fw01\fw\kernel\Router.php in line 320 AT 2018.10.02 16:49:53

(Sys) Time of generate page: 0.011000871658325 AT 2018.10.02 16:49:53
(SQL query count) 0 AT 2018.10.02 16:49:53
(PHP ERR) Non-static method Kernel\IncludeControll::load_one_controller() should not be called statically G:\server\OSPanel\domains\fw01\fw\kernel\Router.php in line 320 AT 2018.10.02 16:49:53

(Sys) Time of generate page: 0.011001110076904 AT 2018.10.02 16:49:53
(SQL query count) 0 AT 2018.10.02 16:49:53
(PHP ERR) Non-static method Kernel\IncludeControll::load_one_controller() should not be called statically G:\server\OSPanel\domains\fw01\fw\kernel\Router.php in line 320 AT 2018.10.02 16:49:53

(Sys) Time of generate page: 0.012001037597656 AT 2018.10.02 16:49:54
(SQL query count) 0 AT 2018.10.02 16:49:54
(PHP ERR) Non-static method Kernel\IncludeControll::load_one_controller() should not be called statically G:\server\OSPanel\domains\fw01\fw\kernel\Router.php in line 320 AT 2018.10.02 16:49:54

(Sys) Time of generate page: 0.011000871658325 AT 2018.10.02 16:49:54
(SQL query count) 0 AT 2018.10.02 16:49:54
(PHP ERR) Non-static method Kernel\IncludeControll::load_one_controller() should not be called statically G:\server\OSPanel\domains\fw01\fw\kernel\Router.php in line 320 AT 2018.10.02 16:49:54

(Sys) Time of generate page: 0.011000156402588 AT 2018.10.02 16:57:26
(SQL query count) 0 AT 2018.10.02 16:57:26
(PHP ERR) call_user_func() expects parameter 1 to be a valid callback, non-static method IndexController::_404() should not be called statically G:\server\OSPanel\domains\fw01\fw\kernel\Router.php in line 102 AT 2018.10.02 16:57:26

(Sys) Time of generate page: 0.01200008392334 AT 2018.10.02 16:57:53
(SQL query count) 0 AT 2018.10.02 16:57:53
(PHP ERR) Non-static method Kernel\IncludeControll::load_one_controller() should not be called statically G:\server\OSPanel\domains\fw01\fw\kernel\Router.php in line 320 AT 2018.10.02 16:57:53

(Sys) Time of generate page: 0.013000011444092 AT 2018.10.02 17:10:33
(SQL query count) 0 AT 2018.10.02 17:10:33
(PHP ERR) Undefined offset: 1 G:\server\OSPanel\domains\fw01\fw\kernel\View.php in line 31 AT 2018.10.02 17:10:33

(Sys) Time of generate page: 0.017000913619995 AT 2018.10.02 17:20:21
(SQL query count) 0 AT 2018.10.02 17:20:21
(PHP ERR) Undefined offset: 1 G:\server\OSPanel\domains\fw01\fw\kernel\View.php in line 31 AT 2018.10.02 17:20:21

(Sys) Time of generate page: 0.010000944137573 AT 2018.10.02 17:20:22
(SQL query count) 0 AT 2018.10.02 17:20:22
(PHP ERR) Undefined offset: 1 G:\server\OSPanel\domains\fw01\fw\kernel\View.php in line 31 AT 2018.10.02 17:20:22

(Sys) Time of generate page: 0.021000862121582 AT 2018.10.02 17:20:22
(SQL query count) 0 AT 2018.10.02 17:20:22
(PHP ERR) Undefined offset: 1 G:\server\OSPanel\domains\fw01\fw\kernel\View.php in line 31 AT 2018.10.02 17:20:22

(Sys) Time of generate page: 0.01200008392334 AT 2018.10.02 17:20:22
(SQL query count) 0 AT 2018.10.02 17:20:22
(PHP ERR) Undefined offset: 1 G:\server\OSPanel\domains\fw01\fw\kernel\View.php in line 31 AT 2018.10.02 17:20:22

(Sys) Time of generate page: 0.013000965118408 AT 2018.10.02 17:20:24
(SQL query count) 0 AT 2018.10.02 17:20:24
(PHP ERR) Non-static method Kernel\IncludeControll::load_one_controller() should not be called statically G:\server\OSPanel\domains\fw01\fw\kernel\Router.php in line 320 AT 2018.10.02 17:20:24

(Sys) Time of generate page: 0.02000093460083 AT 2018.10.02 17:20:25
(SQL query count) 0 AT 2018.10.02 17:20:25
(PHP ERR) Non-static method Kernel\IncludeControll::load_one_controller() should not be called statically G:\server\OSPanel\domains\fw01\fw\kernel\Router.php in line 320 AT 2018.10.02 17:20:25